Initializing env
'MountainCarEnv' object has no attribute 'init'
Initializing basis
Initializing agent
Initializing reward_func
'super' object has no attribute 'init'
Initializing gamma_func
Initializing offpolicy
'bool' object has no attribute 'init'
Initializing max_episodes
'int' object has no attribute 'init'
Initializing buffer_size
'int' object has no attribute 'init'
Initializing batch_size
'int' object has no attribute 'init'
Initializing seed
'int' object has no attribute 'init'
Episode: 0 | Total Reward: -200.0 | Length: 200 | Avg Reward: -1.0
Episode: 1 | Total Reward: -200.0 | Length: 200 | Avg Reward: -1.0
Episode: 2 | Total Reward: -200.0 | Length: 200 | Avg Reward: -1.0
Episode: 3 | Total Reward: -200.0 | Length: 200 | Avg Reward: -1.0
Episode: 4 | Total Reward: -200.0 | Length: 200 | Avg Reward: -1.0
Episode: 5 | Total Reward: -200.0 | Length: 200 | Avg Reward: -1.0
Episode: 6 | Total Reward: -200.0 | Length: 200 | Avg Reward: -1.0
Episode: 7 | Total Reward: -200.0 | Length: 200 | Avg Reward: -1.0
Episode: 8 | Total Reward: -200.0 | Length: 200 | Avg Reward: -1.0
Episode: 9 | Total Reward: -200.0 | Length: 200 | Avg Reward: -1.0
Episode: 10 | Total Reward: -200.0 | Length: 200 | Avg Reward: -1.0
Episode: 11 | Total Reward: -200.0 | Length: 200 | Avg Reward: -1.0
Episode: 12 | Total Reward: -200.0 | Length: 200 | Avg Reward: -1.0
Episode: 13 | Total Reward: -200.0 | Length: 200 | Avg Reward: -1.0
Episode: 14 | Total Reward: -200.0 | Length: 200 | Avg Reward: -1.0
Episode: 15 | Total Reward: -200.0 | Length: 200 | Avg Reward: -1.0
Episode: 16 | Total Reward: -200.0 | Length: 200 | Avg Reward: -1.0
Episode: 17 | Total Reward: -200.0 | Length: 200 | Avg Reward: -1.0
Episode: 18 | Total Reward: -200.0 | Length: 200 | Avg Reward: -1.0
Episode: 19 | Total Reward: -118.0 | Length: 118 | Avg Reward: -1.0
Episode: 20 | Total Reward: -200.0 | Length: 200 | Avg Reward: -1.0
Episode: 21 | Total Reward: -200.0 | Length: 200 | Avg Reward: -1.0
Episode: 22 | Total Reward: -200.0 | Length: 200 | Avg Reward: -1.0
Episode: 23 | Total Reward: -200.0 | Length: 200 | Avg Reward: -1.0
Episode: 24 | Total Reward: -200.0 | Length: 200 | Avg Reward: -1.0
Episode: 25 | Total Reward: -200.0 | Length: 200 | Avg Reward: -1.0
Episode: 26 | Total Reward: -200.0 | Length: 200 | Avg Reward: -1.0
Episode: 27 | Total Reward: -200.0 | Length: 200 | Avg Reward: -1.0
Episode: 28 | Total Reward: -200.0 | Length: 200 | Avg Reward: -1.0
Episode: 29 | Total Reward: -147.0 | Length: 147 | Avg Reward: -1.0
Episode: 30 | Total Reward: -200.0 | Length: 200 | Avg Reward: -1.0
Episode: 31 | Total Reward: -69.0 | Length: 69 | Avg Reward: -1.0
Episode: 32 | Total Reward: -79.0 | Length: 79 | Avg Reward: -1.0
Episode: 33 | Total Reward: -200.0 | Length: 200 | Avg Reward: -1.0
Episode: 34 | Total Reward: -200.0 | Length: 200 | Avg Reward: -1.0
Episode: 35 | Total Reward: -200.0 | Length: 200 | Avg Reward: -1.0
Episode: 36 | Total Reward: -200.0 | Length: 200 | Avg Reward: -1.0
Episode: 37 | Total Reward: -200.0 | Length: 200 | Avg Reward: -1.0
Episode: 38 | Total Reward: -51.0 | Length: 51 | Avg Reward: -1.0
Episode: 39 | Total Reward: -200.0 | Length: 200 | Avg Reward: -1.0
Episode: 40 | Total Reward: -53.0 | Length: 53 | Avg Reward: -1.0
Episode: 41 | Total Reward: -52.0 | Length: 52 | Avg Reward: -1.0
Episode: 42 | Total Reward: -156.0 | Length: 156 | Avg Reward: -1.0
Episode: 43 | Total Reward: -50.0 | Length: 50 | Avg Reward: -1.0
Episode: 44 | Total Reward: -86.0 | Length: 86 | Avg Reward: -1.0
Episode: 45 | Total Reward: -96.0 | Length: 96 | Avg Reward: -1.0
Episode: 46 | Total Reward: -47.0 | Length: 47 | Avg Reward: -1.0
Episode: 47 | Total Reward: -75.0 | Length: 75 | Avg Reward: -1.0
Episode: 48 | Total Reward: -200.0 | Length: 200 | Avg Reward: -1.0
Episode: 49 | Total Reward: -200.0 | Length: 200 | Avg Reward: -1.0
Episode: 50 | Total Reward: -199.0 | Length: 199 | Avg Reward: -1.0
Episode: 51 | Total Reward: -200.0 | Length: 200 | Avg Reward: -1.0
Episode: 52 | Total Reward: -59.0 | Length: 59 | Avg Reward: -1.0
Episode: 53 | Total Reward: -65.0 | Length: 65 | Avg Reward: -1.0
Episode: 54 | Total Reward: -177.0 | Length: 177 | Avg Reward: -1.0
Episode: 55 | Total Reward: -86.0 | Length: 86 | Avg Reward: -1.0
Episode: 56 | Total Reward: -58.0 | Length: 58 | Avg Reward: -1.0
Episode: 57 | Total Reward: -200.0 | Length: 200 | Avg Reward: -1.0
Episode: 58 | Total Reward: -64.0 | Length: 64 | Avg Reward: -1.0
Episode: 59 | Total Reward: -200.0 | Length: 200 | Avg Reward: -1.0
Episode: 60 | Total Reward: -61.0 | Length: 61 | Avg Reward: -1.0
Episode: 61 | Total Reward: -67.0 | Length: 67 | Avg Reward: -1.0
Episode: 62 | Total Reward: -47.0 | Length: 47 | Avg Reward: -1.0
Episode: 63 | Total Reward: -104.0 | Length: 104 | Avg Reward: -1.0
Episode: 64 | Total Reward: -55.0 | Length: 55 | Avg Reward: -1.0
Episode: 65 | Total Reward: -200.0 | Length: 200 | Avg Reward: -1.0
Episode: 66 | Total Reward: -56.0 | Length: 56 | Avg Reward: -1.0
Episode: 67 | Total Reward: -200.0 | Length: 200 | Avg Reward: -1.0
Episode: 68 | Total Reward: -48.0 | Length: 48 | Avg Reward: -1.0
Episode: 69 | Total Reward: -49.0 | Length: 49 | Avg Reward: -1.0
Episode: 70 | Total Reward: -48.0 | Length: 48 | Avg Reward: -1.0
Episode: 71 | Total Reward: -106.0 | Length: 106 | Avg Reward: -1.0
Episode: 72 | Total Reward: -200.0 | Length: 200 | Avg Reward: -1.0
Episode: 73 | Total Reward: -54.0 | Length: 54 | Avg Reward: -1.0
Episode: 74 | Total Reward: -55.0 | Length: 55 | Avg Reward: -1.0
Episode: 75 | Total Reward: -57.0 | Length: 57 | Avg Reward: -1.0
Episode: 76 | Total Reward: -71.0 | Length: 71 | Avg Reward: -1.0
Episode: 77 | Total Reward: -200.0 | Length: 200 | Avg Reward: -1.0
Episode: 78 | Total Reward: -57.0 | Length: 57 | Avg Reward: -1.0
Episode: 79 | Total Reward: -50.0 | Length: 50 | Avg Reward: -1.0
Episode: 80 | Total Reward: -48.0 | Length: 48 | Avg Reward: -1.0
Episode: 81 | Total Reward: -200.0 | Length: 200 | Avg Reward: -1.0
Episode: 82 | Total Reward: -57.0 | Length: 57 | Avg Reward: -1.0
Episode: 83 | Total Reward: -64.0 | Length: 64 | Avg Reward: -1.0
Episode: 84 | Total Reward: -87.0 | Length: 87 | Avg Reward: -1.0
Episode: 85 | Total Reward: -76.0 | Length: 76 | Avg Reward: -1.0
Episode: 86 | Total Reward: -50.0 | Length: 50 | Avg Reward: -1.0
Episode: 87 | Total Reward: -200.0 | Length: 200 | Avg Reward: -1.0
Episode: 88 | Total Reward: -66.0 | Length: 66 | Avg Reward: -1.0
Episode: 89 | Total Reward: -68.0 | Length: 68 | Avg Reward: -1.0
Episode: 90 | Total Reward: -200.0 | Length: 200 | Avg Reward: -1.0
Episode: 91 | Total Reward: -75.0 | Length: 75 | Avg Reward: -1.0
Episode: 92 | Total Reward: -61.0 | Length: 61 | Avg Reward: -1.0
Episode: 93 | Total Reward: -62.0 | Length: 62 | Avg Reward: -1.0
Episode: 94 | Total Reward: -200.0 | Length: 200 | Avg Reward: -1.0
Episode: 95 | Total Reward: -200.0 | Length: 200 | Avg Reward: -1.0
Episode: 96 | Total Reward: -200.0 | Length: 200 | Avg Reward: -1.0
Episode: 97 | Total Reward: -55.0 | Length: 55 | Avg Reward: -1.0
Episode: 98 | Total Reward: -64.0 | Length: 64 | Avg Reward: -1.0
Episode: 99 | Total Reward: -46.0 | Length: 46 | Avg Reward: -1.0
Episode: 100 | Total Reward: -67.0 | Length: 67 | Avg Reward: -1.0
Episode: 101 | Total Reward: -200.0 | Length: 200 | Avg Reward: -1.0
Episode: 102 | Total Reward: -58.0 | Length: 58 | Avg Reward: -1.0
Episode: 103 | Total Reward: -51.0 | Length: 51 | Avg Reward: -1.0
Episode: 104 | Total Reward: -53.0 | Length: 53 | Avg Reward: -1.0
Episode: 105 | Total Reward: -67.0 | Length: 67 | Avg Reward: -1.0
Episode: 106 | Total Reward: -63.0 | Length: 63 | Avg Reward: -1.0
Episode: 107 | Total Reward: -47.0 | Length: 47 | Avg Reward: -1.0
Episode: 108 | Total Reward: -96.0 | Length: 96 | Avg Reward: -1.0
Episode: 109 | Total Reward: -46.0 | Length: 46 | Avg Reward: -1.0
Episode: 110 | Total Reward: -49.0 | Length: 49 | Avg Reward: -1.0
Episode: 111 | Total Reward: -60.0 | Length: 60 | Avg Reward: -1.0
Episode: 112 | Total Reward: -52.0 | Length: 52 | Avg Reward: -1.0
Episode: 113 | Total Reward: -70.0 | Length: 70 | Avg Reward: -1.0
Episode: 114 | Total Reward: -200.0 | Length: 200 | Avg Reward: -1.0
Episode: 115 | Total Reward: -200.0 | Length: 200 | Avg Reward: -1.0
Episode: 116 | Total Reward: -91.0 | Length: 91 | Avg Reward: -1.0
Episode: 117 | Total Reward: -89.0 | Length: 89 | Avg Reward: -1.0
Episode: 118 | Total Reward: -70.0 | Length: 70 | Avg Reward: -1.0
Episode: 119 | Total Reward: -86.0 | Length: 86 | Avg Reward: -1.0
Episode: 120 | Total Reward: -86.0 | Length: 86 | Avg Reward: -1.0
Episode: 121 | Total Reward: -54.0 | Length: 54 | Avg Reward: -1.0
Episode: 122 | Total Reward: -78.0 | Length: 78 | Avg Reward: -1.0
Episode: 123 | Total Reward: -64.0 | Length: 64 | Avg Reward: -1.0
Episode: 124 | Total Reward: -200.0 | Length: 200 | Avg Reward: -1.0
Episode: 125 | Total Reward: -52.0 | Length: 52 | Avg Reward: -1.0
Episode: 126 | Total Reward: -200.0 | Length: 200 | Avg Reward: -1.0
Episode: 127 | Total Reward: -49.0 | Length: 49 | Avg Reward: -1.0
Episode: 128 | Total Reward: -51.0 | Length: 51 | Avg Reward: -1.0
Episode: 129 | Total Reward: -55.0 | Length: 55 | Avg Reward: -1.0
Episode: 130 | Total Reward: -46.0 | Length: 46 | Avg Reward: -1.0
Episode: 131 | Total Reward: -52.0 | Length: 52 | Avg Reward: -1.0
Episode: 132 | Total Reward: -49.0 | Length: 49 | Avg Reward: -1.0
Episode: 133 | Total Reward: -76.0 | Length: 76 | Avg Reward: -1.0
Episode: 134 | Total Reward: -68.0 | Length: 68 | Avg Reward: -1.0
Episode: 135 | Total Reward: -200.0 | Length: 200 | Avg Reward: -1.0
Episode: 136 | Total Reward: -79.0 | Length: 79 | Avg Reward: -1.0
Episode: 137 | Total Reward: -200.0 | Length: 200 | Avg Reward: -1.0
Episode: 138 | Total Reward: -200.0 | Length: 200 | Avg Reward: -1.0
Episode: 139 | Total Reward: -64.0 | Length: 64 | Avg Reward: -1.0
Episode: 140 | Total Reward: -200.0 | Length: 200 | Avg Reward: -1.0
Episode: 141 | Total Reward: -47.0 | Length: 47 | Avg Reward: -1.0
Episode: 142 | Total Reward: -57.0 | Length: 57 | Avg Reward: -1.0
Episode: 143 | Total Reward: -66.0 | Length: 66 | Avg Reward: -1.0
Episode: 144 | Total Reward: -92.0 | Length: 92 | Avg Reward: -1.0
Episode: 145 | Total Reward: -64.0 | Length: 64 | Avg Reward: -1.0
Episode: 146 | Total Reward: -49.0 | Length: 49 | Avg Reward: -1.0
Episode: 147 | Total Reward: -200.0 | Length: 200 | Avg Reward: -1.0
Episode: 148 | Total Reward: -49.0 | Length: 49 | Avg Reward: -1.0
Episode: 149 | Total Reward: -53.0 | Length: 53 | Avg Reward: -1.0
Episode: 150 | Total Reward: -49.0 | Length: 49 | Avg Reward: -1.0
Episode: 151 | Total Reward: -72.0 | Length: 72 | Avg Reward: -1.0
Episode: 152 | Total Reward: -49.0 | Length: 49 | Avg Reward: -1.0
Episode: 153 | Total Reward: -59.0 | Length: 59 | Avg Reward: -1.0
Episode: 154 | Total Reward: -67.0 | Length: 67 | Avg Reward: -1.0
Episode: 155 | Total Reward: -46.0 | Length: 46 | Avg Reward: -1.0
Episode: 156 | Total Reward: -200.0 | Length: 200 | Avg Reward: -1.0
Episode: 157 | Total Reward: -58.0 | Length: 58 | Avg Reward: -1.0
Episode: 158 | Total Reward: -55.0 | Length: 55 | Avg Reward: -1.0
Episode: 159 | Total Reward: -50.0 | Length: 50 | Avg Reward: -1.0
Episode: 160 | Total Reward: -56.0 | Length: 56 | Avg Reward: -1.0
Episode: 161 | Total Reward: -65.0 | Length: 65 | Avg Reward: -1.0
Episode: 162 | Total Reward: -70.0 | Length: 70 | Avg Reward: -1.0
Episode: 163 | Total Reward: -60.0 | Length: 60 | Avg Reward: -1.0
Episode: 164 | Total Reward: -55.0 | Length: 55 | Avg Reward: -1.0
Episode: 165 | Total Reward: -69.0 | Length: 69 | Avg Reward: -1.0
Episode: 166 | Total Reward: -200.0 | Length: 200 | Avg Reward: -1.0
Episode: 167 | Total Reward: -50.0 | Length: 50 | Avg Reward: -1.0
Episode: 168 | Total Reward: -99.0 | Length: 99 | Avg Reward: -1.0
Episode: 169 | Total Reward: -200.0 | Length: 200 | Avg Reward: -1.0
Episode: 170 | Total Reward: -60.0 | Length: 60 | Avg Reward: -1.0
Episode: 171 | Total Reward: -200.0 | Length: 200 | Avg Reward: -1.0
Episode: 172 | Total Reward: -49.0 | Length: 49 | Avg Reward: -1.0
Episode: 173 | Total Reward: -50.0 | Length: 50 | Avg Reward: -1.0
Episode: 174 | Total Reward: -93.0 | Length: 93 | Avg Reward: -1.0
Episode: 175 | Total Reward: -200.0 | Length: 200 | Avg Reward: -1.0
Episode: 176 | Total Reward: -56.0 | Length: 56 | Avg Reward: -1.0
Episode: 177 | Total Reward: -47.0 | Length: 47 | Avg Reward: -1.0
Episode: 178 | Total Reward: -60.0 | Length: 60 | Avg Reward: -1.0
Episode: 179 | Total Reward: -77.0 | Length: 77 | Avg Reward: -1.0
Episode: 180 | Total Reward: -200.0 | Length: 200 | Avg Reward: -1.0
Episode: 181 | Total Reward: -200.0 | Length: 200 | Avg Reward: -1.0
Episode: 182 | Total Reward: -47.0 | Length: 47 | Avg Reward: -1.0
Episode: 183 | Total Reward: -48.0 | Length: 48 | Avg Reward: -1.0
Episode: 184 | Total Reward: -65.0 | Length: 65 | Avg Reward: -1.0
Episode: 185 | Total Reward: -76.0 | Length: 76 | Avg Reward: -1.0
Episode: 186 | Total Reward: -52.0 | Length: 52 | Avg Reward: -1.0
Episode: 187 | Total Reward: -75.0 | Length: 75 | Avg Reward: -1.0
Episode: 188 | Total Reward: -60.0 | Length: 60 | Avg Reward: -1.0
Episode: 189 | Total Reward: -99.0 | Length: 99 | Avg Reward: -1.0
Episode: 190 | Total Reward: -48.0 | Length: 48 | Avg Reward: -1.0
Episode: 191 | Total Reward: -200.0 | Length: 200 | Avg Reward: -1.0
Episode: 192 | Total Reward: -84.0 | Length: 84 | Avg Reward: -1.0
Episode: 193 | Total Reward: -51.0 | Length: 51 | Avg Reward: -1.0
Episode: 194 | Total Reward: -52.0 | Length: 52 | Avg Reward: -1.0
Episode: 195 | Total Reward: -80.0 | Length: 80 | Avg Reward: -1.0
Episode: 196 | Total Reward: -53.0 | Length: 53 | Avg Reward: -1.0
Episode: 197 | Total Reward: -68.0 | Length: 68 | Avg Reward: -1.0
Episode: 198 | Total Reward: -69.0 | Length: 69 | Avg Reward: -1.0
Episode: 199 | Total Reward: -101.0 | Length: 101 | Avg Reward: -1.0
Episode: 200 | Total Reward: -54.0 | Length: 54 | Avg Reward: -1.0
Episode: 201 | Total Reward: -50.0 | Length: 50 | Avg Reward: -1.0
Episode: 202 | Total Reward: -200.0 | Length: 200 | Avg Reward: -1.0
Episode: 203 | Total Reward: -56.0 | Length: 56 | Avg Reward: -1.0
Episode: 204 | Total Reward: -97.0 | Length: 97 | Avg Reward: -1.0
Episode: 205 | Total Reward: -59.0 | Length: 59 | Avg Reward: -1.0
Episode: 206 | Total Reward: -48.0 | Length: 48 | Avg Reward: -1.0
Episode: 207 | Total Reward: -200.0 | Length: 200 | Avg Reward: -1.0
Episode: 208 | Total Reward: -57.0 | Length: 57 | Avg Reward: -1.0
Episode: 209 | Total Reward: -48.0 | Length: 48 | Avg Reward: -1.0
Episode: 210 | Total Reward: -200.0 | Length: 200 | Avg Reward: -1.0
Episode: 211 | Total Reward: -200.0 | Length: 200 | Avg Reward: -1.0
Episode: 212 | Total Reward: -51.0 | Length: 51 | Avg Reward: -1.0
Episode: 213 | Total Reward: -50.0 | Length: 50 | Avg Reward: -1.0
Episode: 214 | Total Reward: -47.0 | Length: 47 | Avg Reward: -1.0
Episode: 215 | Total Reward: -72.0 | Length: 72 | Avg Reward: -1.0
Episode: 216 | Total Reward: -62.0 | Length: 62 | Avg Reward: -1.0
Episode: 217 | Total Reward: -66.0 | Length: 66 | Avg Reward: -1.0
Episode: 218 | Total Reward: -47.0 | Length: 47 | Avg Reward: -1.0
Episode: 219 | Total Reward: -47.0 | Length: 47 | Avg Reward: -1.0
Episode: 220 | Total Reward: -85.0 | Length: 85 | Avg Reward: -1.0
Episode: 221 | Total Reward: -68.0 | Length: 68 | Avg Reward: -1.0
Episode: 222 | Total Reward: -51.0 | Length: 51 | Avg Reward: -1.0
Episode: 223 | Total Reward: -63.0 | Length: 63 | Avg Reward: -1.0
Episode: 224 | Total Reward: -54.0 | Length: 54 | Avg Reward: -1.0
Episode: 225 | Total Reward: -70.0 | Length: 70 | Avg Reward: -1.0
Episode: 226 | Total Reward: -57.0 | Length: 57 | Avg Reward: -1.0
Episode: 227 | Total Reward: -58.0 | Length: 58 | Avg Reward: -1.0
Episode: 228 | Total Reward: -46.0 | Length: 46 | Avg Reward: -1.0
Episode: 229 | Total Reward: -54.0 | Length: 54 | Avg Reward: -1.0
Episode: 230 | Total Reward: -48.0 | Length: 48 | Avg Reward: -1.0
Episode: 231 | Total Reward: -200.0 | Length: 200 | Avg Reward: -1.0
Episode: 232 | Total Reward: -47.0 | Length: 47 | Avg Reward: -1.0
Episode: 233 | Total Reward: -200.0 | Length: 200 | Avg Reward: -1.0
Episode: 234 | Total Reward: -62.0 | Length: 62 | Avg Reward: -1.0
Episode: 235 | Total Reward: -88.0 | Length: 88 | Avg Reward: -1.0
Episode: 236 | Total Reward: -200.0 | Length: 200 | Avg Reward: -1.0
Episode: 237 | Total Reward: -200.0 | Length: 200 | Avg Reward: -1.0
Episode: 238 | Total Reward: -52.0 | Length: 52 | Avg Reward: -1.0
Episode: 239 | Total Reward: -50.0 | Length: 50 | Avg Reward: -1.0
Episode: 240 | Total Reward: -200.0 | Length: 200 | Avg Reward: -1.0
Episode: 241 | Total Reward: -53.0 | Length: 53 | Avg Reward: -1.0
Episode: 242 | Total Reward: -56.0 | Length: 56 | Avg Reward: -1.0
Episode: 243 | Total Reward: -116.0 | Length: 116 | Avg Reward: -1.0
Episode: 244 | Total Reward: -46.0 | Length: 46 | Avg Reward: -1.0
Episode: 245 | Total Reward: -46.0 | Length: 46 | Avg Reward: -1.0
Episode: 246 | Total Reward: -60.0 | Length: 60 | Avg Reward: -1.0
Episode: 247 | Total Reward: -49.0 | Length: 49 | Avg Reward: -1.0
Episode: 248 | Total Reward: -70.0 | Length: 70 | Avg Reward: -1.0
Episode: 249 | Total Reward: -50.0 | Length: 50 | Avg Reward: -1.0
Episode: 250 | Total Reward: -48.0 | Length: 48 | Avg Reward: -1.0
Episode: 251 | Total Reward: -52.0 | Length: 52 | Avg Reward: -1.0
Episode: 252 | Total Reward: -53.0 | Length: 53 | Avg Reward: -1.0
Episode: 253 | Total Reward: -49.0 | Length: 49 | Avg Reward: -1.0
Episode: 254 | Total Reward: -65.0 | Length: 65 | Avg Reward: -1.0
Episode: 255 | Total Reward: -200.0 | Length: 200 | Avg Reward: -1.0
Episode: 256 | Total Reward: -54.0 | Length: 54 | Avg Reward: -1.0
Episode: 257 | Total Reward: -46.0 | Length: 46 | Avg Reward: -1.0
Episode: 258 | Total Reward: -200.0 | Length: 200 | Avg Reward: -1.0
Episode: 259 | Total Reward: -59.0 | Length: 59 | Avg Reward: -1.0
Episode: 260 | Total Reward: -70.0 | Length: 70 | Avg Reward: -1.0
Episode: 261 | Total Reward: -47.0 | Length: 47 | Avg Reward: -1.0
Episode: 262 | Total Reward: -200.0 | Length: 200 | Avg Reward: -1.0
Episode: 263 | Total Reward: -47.0 | Length: 47 | Avg Reward: -1.0
Episode: 264 | Total Reward: -139.0 | Length: 139 | Avg Reward: -1.0
Episode: 265 | Total Reward: -200.0 | Length: 200 | Avg Reward: -1.0
Episode: 266 | Total Reward: -200.0 | Length: 200 | Avg Reward: -1.0
Episode: 267 | Total Reward: -200.0 | Length: 200 | Avg Reward: -1.0
Episode: 268 | Total Reward: -54.0 | Length: 54 | Avg Reward: -1.0
Episode: 269 | Total Reward: -46.0 | Length: 46 | Avg Reward: -1.0
Episode: 270 | Total Reward: -51.0 | Length: 51 | Avg Reward: -1.0
Episode: 271 | Total Reward: -56.0 | Length: 56 | Avg Reward: -1.0
Episode: 272 | Total Reward: -200.0 | Length: 200 | Avg Reward: -1.0
Episode: 273 | Total Reward: -58.0 | Length: 58 | Avg Reward: -1.0
Episode: 274 | Total Reward: -53.0 | Length: 53 | Avg Reward: -1.0
Episode: 275 | Total Reward: -53.0 | Length: 53 | Avg Reward: -1.0
Episode: 276 | Total Reward: -72.0 | Length: 72 | Avg Reward: -1.0
Episode: 277 | Total Reward: -55.0 | Length: 55 | Avg Reward: -1.0
Episode: 278 | Total Reward: -101.0 | Length: 101 | Avg Reward: -1.0
Episode: 279 | Total Reward: -51.0 | Length: 51 | Avg Reward: -1.0
Episode: 280 | Total Reward: -55.0 | Length: 55 | Avg Reward: -1.0
Episode: 281 | Total Reward: -57.0 | Length: 57 | Avg Reward: -1.0
Episode: 282 | Total Reward: -65.0 | Length: 65 | Avg Reward: -1.0
Episode: 283 | Total Reward: -48.0 | Length: 48 | Avg Reward: -1.0
Episode: 284 | Total Reward: -52.0 | Length: 52 | Avg Reward: -1.0
Episode: 285 | Total Reward: -98.0 | Length: 98 | Avg Reward: -1.0
Episode: 286 | Total Reward: -47.0 | Length: 47 | Avg Reward: -1.0
Episode: 287 | Total Reward: -58.0 | Length: 58 | Avg Reward: -1.0
Episode: 288 | Total Reward: -48.0 | Length: 48 | Avg Reward: -1.0
Episode: 289 | Total Reward: -46.0 | Length: 46 | Avg Reward: -1.0
Episode: 290 | Total Reward: -115.0 | Length: 115 | Avg Reward: -1.0
Episode: 291 | Total Reward: -66.0 | Length: 66 | Avg Reward: -1.0
Episode: 292 | Total Reward: -46.0 | Length: 46 | Avg Reward: -1.0
Episode: 293 | Total Reward: -57.0 | Length: 57 | Avg Reward: -1.0
Episode: 294 | Total Reward: -80.0 | Length: 80 | Avg Reward: -1.0
Episode: 295 | Total Reward: -47.0 | Length: 47 | Avg Reward: -1.0
Episode: 296 | Total Reward: -58.0 | Length: 58 | Avg Reward: -1.0
Episode: 297 | Total Reward: -200.0 | Length: 200 | Avg Reward: -1.0
Episode: 298 | Total Reward: -73.0 | Length: 73 | Avg Reward: -1.0
Episode: 299 | Total Reward: -200.0 | Length: 200 | Avg Reward: -1.0
Episode: 300 | Total Reward: -68.0 | Length: 68 | Avg Reward: -1.0
Episode: 301 | Total Reward: -200.0 | Length: 200 | Avg Reward: -1.0
Episode: 302 | Total Reward: -50.0 | Length: 50 | Avg Reward: -1.0
Episode: 303 | Total Reward: -48.0 | Length: 48 | Avg Reward: -1.0
Episode: 304 | Total Reward: -47.0 | Length: 47 | Avg Reward: -1.0
Episode: 305 | Total Reward: -47.0 | Length: 47 | Avg Reward: -1.0
Episode: 306 | Total Reward: -76.0 | Length: 76 | Avg Reward: -1.0
Episode: 307 | Total Reward: -50.0 | Length: 50 | Avg Reward: -1.0
Episode: 308 | Total Reward: -200.0 | Length: 200 | Avg Reward: -1.0
Episode: 309 | Total Reward: -51.0 | Length: 51 | Avg Reward: -1.0
Episode: 310 | Total Reward: -67.0 | Length: 67 | Avg Reward: -1.0
Episode: 311 | Total Reward: -48.0 | Length: 48 | Avg Reward: -1.0
Episode: 312 | Total Reward: -48.0 | Length: 48 | Avg Reward: -1.0
Episode: 313 | Total Reward: -47.0 | Length: 47 | Avg Reward: -1.0
Episode: 314 | Total Reward: -47.0 | Length: 47 | Avg Reward: -1.0
Episode: 315 | Total Reward: -51.0 | Length: 51 | Avg Reward: -1.0
Episode: 316 | Total Reward: -57.0 | Length: 57 | Avg Reward: -1.0
Episode: 317 | Total Reward: -81.0 | Length: 81 | Avg Reward: -1.0
Episode: 318 | Total Reward: -169.0 | Length: 169 | Avg Reward: -1.0
Episode: 319 | Total Reward: -200.0 | Length: 200 | Avg Reward: -1.0
Episode: 320 | Total Reward: -48.0 | Length: 48 | Avg Reward: -1.0
Episode: 321 | Total Reward: -200.0 | Length: 200 | Avg Reward: -1.0
Episode: 322 | Total Reward: -49.0 | Length: 49 | Avg Reward: -1.0
Episode: 323 | Total Reward: -63.0 | Length: 63 | Avg Reward: -1.0
Episode: 324 | Total Reward: -68.0 | Length: 68 | Avg Reward: -1.0
Episode: 325 | Total Reward: -200.0 | Length: 200 | Avg Reward: -1.0
Episode: 326 | Total Reward: -64.0 | Length: 64 | Avg Reward: -1.0
Episode: 327 | Total Reward: -46.0 | Length: 46 | Avg Reward: -1.0
Episode: 328 | Total Reward: -55.0 | Length: 55 | Avg Reward: -1.0
Episode: 329 | Total Reward: -200.0 | Length: 200 | Avg Reward: -1.0
Episode: 330 | Total Reward: -77.0 | Length: 77 | Avg Reward: -1.0
Episode: 331 | Total Reward: -69.0 | Length: 69 | Avg Reward: -1.0
Episode: 332 | Total Reward: -57.0 | Length: 57 | Avg Reward: -1.0
Episode: 333 | Total Reward: -61.0 | Length: 61 | Avg Reward: -1.0
Episode: 334 | Total Reward: -200.0 | Length: 200 | Avg Reward: -1.0
Episode: 335 | Total Reward: -61.0 | Length: 61 | Avg Reward: -1.0
Episode: 336 | Total Reward: -76.0 | Length: 76 | Avg Reward: -1.0
Episode: 337 | Total Reward: -60.0 | Length: 60 | Avg Reward: -1.0
Episode: 338 | Total Reward: -54.0 | Length: 54 | Avg Reward: -1.0
Episode: 339 | Total Reward: -73.0 | Length: 73 | Avg Reward: -1.0
Episode: 340 | Total Reward: -200.0 | Length: 200 | Avg Reward: -1.0
Episode: 341 | Total Reward: -47.0 | Length: 47 | Avg Reward: -1.0
Episode: 342 | Total Reward: -70.0 | Length: 70 | Avg Reward: -1.0
Episode: 343 | Total Reward: -93.0 | Length: 93 | Avg Reward: -1.0
Episode: 344 | Total Reward: -200.0 | Length: 200 | Avg Reward: -1.0
Episode: 345 | Total Reward: -75.0 | Length: 75 | Avg Reward: -1.0
Episode: 346 | Total Reward: -62.0 | Length: 62 | Avg Reward: -1.0
Episode: 347 | Total Reward: -200.0 | Length: 200 | Avg Reward: -1.0
Episode: 348 | Total Reward: -57.0 | Length: 57 | Avg Reward: -1.0
Episode: 349 | Total Reward: -48.0 | Length: 48 | Avg Reward: -1.0
Episode: 350 | Total Reward: -62.0 | Length: 62 | Avg Reward: -1.0
Episode: 351 | Total Reward: -200.0 | Length: 200 | Avg Reward: -1.0
Episode: 352 | Total Reward: -200.0 | Length: 200 | Avg Reward: -1.0
Episode: 353 | Total Reward: -58.0 | Length: 58 | Avg Reward: -1.0
Episode: 354 | Total Reward: -74.0 | Length: 74 | Avg Reward: -1.0
Episode: 355 | Total Reward: -200.0 | Length: 200 | Avg Reward: -1.0
Episode: 356 | Total Reward: -82.0 | Length: 82 | Avg Reward: -1.0
Episode: 357 | Total Reward: -200.0 | Length: 200 | Avg Reward: -1.0
Episode: 358 | Total Reward: -200.0 | Length: 200 | Avg Reward: -1.0
Episode: 359 | Total Reward: -51.0 | Length: 51 | Avg Reward: -1.0
Episode: 360 | Total Reward: -83.0 | Length: 83 | Avg Reward: -1.0
Episode: 361 | Total Reward: -200.0 | Length: 200 | Avg Reward: -1.0
Episode: 362 | Total Reward: -72.0 | Length: 72 | Avg Reward: -1.0
Episode: 363 | Total Reward: -48.0 | Length: 48 | Avg Reward: -1.0
Episode: 364 | Total Reward: -45.0 | Length: 45 | Avg Reward: -1.0
Episode: 365 | Total Reward: -45.0 | Length: 45 | Avg Reward: -1.0
Episode: 366 | Total Reward: -57.0 | Length: 57 | Avg Reward: -1.0
Episode: 367 | Total Reward: -51.0 | Length: 51 | Avg Reward: -1.0
Episode: 368 | Total Reward: -54.0 | Length: 54 | Avg Reward: -1.0
Episode: 369 | Total Reward: -200.0 | Length: 200 | Avg Reward: -1.0
Episode: 370 | Total Reward: -200.0 | Length: 200 | Avg Reward: -1.0
Episode: 371 | Total Reward: -57.0 | Length: 57 | Avg Reward: -1.0
Episode: 372 | Total Reward: -59.0 | Length: 59 | Avg Reward: -1.0
Episode: 373 | Total Reward: -64.0 | Length: 64 | Avg Reward: -1.0
Episode: 374 | Total Reward: -50.0 | Length: 50 | Avg Reward: -1.0
Episode: 375 | Total Reward: -66.0 | Length: 66 | Avg Reward: -1.0
Episode: 376 | Total Reward: -200.0 | Length: 200 | Avg Reward: -1.0
Episode: 377 | Total Reward: -200.0 | Length: 200 | Avg Reward: -1.0
Episode: 378 | Total Reward: -87.0 | Length: 87 | Avg Reward: -1.0
Episode: 379 | Total Reward: -82.0 | Length: 82 | Avg Reward: -1.0
Episode: 380 | Total Reward: -200.0 | Length: 200 | Avg Reward: -1.0
Episode: 381 | Total Reward: -200.0 | Length: 200 | Avg Reward: -1.0
Episode: 382 | Total Reward: -46.0 | Length: 46 | Avg Reward: -1.0
Episode: 383 | Total Reward: -47.0 | Length: 47 | Avg Reward: -1.0
Episode: 384 | Total Reward: -61.0 | Length: 61 | Avg Reward: -1.0
Episode: 385 | Total Reward: -51.0 | Length: 51 | Avg Reward: -1.0
Episode: 386 | Total Reward: -76.0 | Length: 76 | Avg Reward: -1.0
Episode: 387 | Total Reward: -55.0 | Length: 55 | Avg Reward: -1.0
Episode: 388 | Total Reward: -83.0 | Length: 83 | Avg Reward: -1.0
Episode: 389 | Total Reward: -101.0 | Length: 101 | Avg Reward: -1.0
Episode: 390 | Total Reward: -200.0 | Length: 200 | Avg Reward: -1.0
Episode: 391 | Total Reward: -89.0 | Length: 89 | Avg Reward: -1.0
Episode: 392 | Total Reward: -57.0 | Length: 57 | Avg Reward: -1.0
Episode: 393 | Total Reward: -47.0 | Length: 47 | Avg Reward: -1.0
Episode: 394 | Total Reward: -72.0 | Length: 72 | Avg Reward: -1.0
Episode: 395 | Total Reward: -64.0 | Length: 64 | Avg Reward: -1.0
Episode: 396 | Total Reward: -79.0 | Length: 79 | Avg Reward: -1.0
Episode: 397 | Total Reward: -200.0 | Length: 200 | Avg Reward: -1.0
Episode: 398 | Total Reward: -200.0 | Length: 200 | Avg Reward: -1.0
Episode: 399 | Total Reward: -200.0 | Length: 200 | Avg Reward: -1.0
Episode: 400 | Total Reward: -200.0 | Length: 200 | Avg Reward: -1.0
Episode: 401 | Total Reward: -48.0 | Length: 48 | Avg Reward: -1.0
Episode: 402 | Total Reward: -200.0 | Length: 200 | Avg Reward: -1.0
Episode: 403 | Total Reward: -51.0 | Length: 51 | Avg Reward: -1.0
Episode: 404 | Total Reward: -81.0 | Length: 81 | Avg Reward: -1.0
Episode: 405 | Total Reward: -70.0 | Length: 70 | Avg Reward: -1.0
Episode: 406 | Total Reward: -200.0 | Length: 200 | Avg Reward: -1.0
Episode: 407 | Total Reward: -54.0 | Length: 54 | Avg Reward: -1.0
Episode: 408 | Total Reward: -72.0 | Length: 72 | Avg Reward: -1.0
Episode: 409 | Total Reward: -49.0 | Length: 49 | Avg Reward: -1.0
Episode: 410 | Total Reward: -200.0 | Length: 200 | Avg Reward: -1.0
Episode: 411 | Total Reward: -50.0 | Length: 50 | Avg Reward: -1.0
Episode: 412 | Total Reward: -74.0 | Length: 74 | Avg Reward: -1.0
Episode: 413 | Total Reward: -56.0 | Length: 56 | Avg Reward: -1.0
Episode: 414 | Total Reward: -200.0 | Length: 200 | Avg Reward: -1.0
Episode: 415 | Total Reward: -69.0 | Length: 69 | Avg Reward: -1.0
Episode: 416 | Total Reward: -92.0 | Length: 92 | Avg Reward: -1.0
Episode: 417 | Total Reward: -74.0 | Length: 74 | Avg Reward: -1.0
Episode: 418 | Total Reward: -86.0 | Length: 86 | Avg Reward: -1.0
Episode: 419 | Total Reward: -90.0 | Length: 90 | Avg Reward: -1.0
Episode: 420 | Total Reward: -200.0 | Length: 200 | Avg Reward: -1.0
Episode: 421 | Total Reward: -98.0 | Length: 98 | Avg Reward: -1.0
Episode: 422 | Total Reward: -73.0 | Length: 73 | Avg Reward: -1.0
Episode: 423 | Total Reward: -200.0 | Length: 200 | Avg Reward: -1.0
Episode: 424 | Total Reward: -48.0 | Length: 48 | Avg Reward: -1.0
Episode: 425 | Total Reward: -59.0 | Length: 59 | Avg Reward: -1.0
Episode: 426 | Total Reward: -60.0 | Length: 60 | Avg Reward: -1.0
Episode: 427 | Total Reward: -200.0 | Length: 200 | Avg Reward: -1.0
Episode: 428 | Total Reward: -74.0 | Length: 74 | Avg Reward: -1.0
Episode: 429 | Total Reward: -63.0 | Length: 63 | Avg Reward: -1.0
Episode: 430 | Total Reward: -50.0 | Length: 50 | Avg Reward: -1.0
Episode: 431 | Total Reward: -52.0 | Length: 52 | Avg Reward: -1.0
Episode: 432 | Total Reward: -55.0 | Length: 55 | Avg Reward: -1.0
Episode: 433 | Total Reward: -68.0 | Length: 68 | Avg Reward: -1.0
Episode: 434 | Total Reward: -47.0 | Length: 47 | Avg Reward: -1.0
Episode: 435 | Total Reward: -58.0 | Length: 58 | Avg Reward: -1.0
Episode: 436 | Total Reward: -49.0 | Length: 49 | Avg Reward: -1.0
Episode: 437 | Total Reward: -71.0 | Length: 71 | Avg Reward: -1.0
Episode: 438 | Total Reward: -52.0 | Length: 52 | Avg Reward: -1.0
Episode: 439 | Total Reward: -74.0 | Length: 74 | Avg Reward: -1.0
Episode: 440 | Total Reward: -53.0 | Length: 53 | Avg Reward: -1.0
Episode: 441 | Total Reward: -70.0 | Length: 70 | Avg Reward: -1.0
Episode: 442 | Total Reward: -70.0 | Length: 70 | Avg Reward: -1.0
Episode: 443 | Total Reward: -92.0 | Length: 92 | Avg Reward: -1.0
Episode: 444 | Total Reward: -65.0 | Length: 65 | Avg Reward: -1.0
Episode: 445 | Total Reward: -54.0 | Length: 54 | Avg Reward: -1.0
Episode: 446 | Total Reward: -50.0 | Length: 50 | Avg Reward: -1.0
Episode: 447 | Total Reward: -48.0 | Length: 48 | Avg Reward: -1.0
Episode: 448 | Total Reward: -58.0 | Length: 58 | Avg Reward: -1.0
Episode: 449 | Total Reward: -81.0 | Length: 81 | Avg Reward: -1.0
Episode: 450 | Total Reward: -45.0 | Length: 45 | Avg Reward: -1.0
Episode: 451 | Total Reward: -200.0 | Length: 200 | Avg Reward: -1.0
Episode: 452 | Total Reward: -45.0 | Length: 45 | Avg Reward: -1.0
Episode: 453 | Total Reward: -47.0 | Length: 47 | Avg Reward: -1.0
Episode: 454 | Total Reward: -46.0 | Length: 46 | Avg Reward: -1.0
Episode: 455 | Total Reward: -52.0 | Length: 52 | Avg Reward: -1.0
Episode: 456 | Total Reward: -50.0 | Length: 50 | Avg Reward: -1.0
Episode: 457 | Total Reward: -200.0 | Length: 200 | Avg Reward: -1.0
Episode: 458 | Total Reward: -50.0 | Length: 50 | Avg Reward: -1.0
Episode: 459 | Total Reward: -51.0 | Length: 51 | Avg Reward: -1.0
Episode: 460 | Total Reward: -76.0 | Length: 76 | Avg Reward: -1.0
Episode: 461 | Total Reward: -48.0 | Length: 48 | Avg Reward: -1.0
Episode: 462 | Total Reward: -46.0 | Length: 46 | Avg Reward: -1.0
Episode: 463 | Total Reward: -47.0 | Length: 47 | Avg Reward: -1.0
Episode: 464 | Total Reward: -47.0 | Length: 47 | Avg Reward: -1.0
Episode: 465 | Total Reward: -94.0 | Length: 94 | Avg Reward: -1.0
Episode: 466 | Total Reward: -59.0 | Length: 59 | Avg Reward: -1.0
Episode: 467 | Total Reward: -52.0 | Length: 52 | Avg Reward: -1.0
Episode: 468 | Total Reward: -200.0 | Length: 200 | Avg Reward: -1.0
Episode: 469 | Total Reward: -66.0 | Length: 66 | Avg Reward: -1.0
Episode: 470 | Total Reward: -85.0 | Length: 85 | Avg Reward: -1.0
Episode: 471 | Total Reward: -75.0 | Length: 75 | Avg Reward: -1.0
Episode: 472 | Total Reward: -48.0 | Length: 48 | Avg Reward: -1.0
Episode: 473 | Total Reward: -200.0 | Length: 200 | Avg Reward: -1.0
Episode: 474 | Total Reward: -87.0 | Length: 87 | Avg Reward: -1.0
Episode: 475 | Total Reward: -64.0 | Length: 64 | Avg Reward: -1.0
Episode: 476 | Total Reward: -85.0 | Length: 85 | Avg Reward: -1.0
Episode: 477 | Total Reward: -47.0 | Length: 47 | Avg Reward: -1.0
Episode: 478 | Total Reward: -63.0 | Length: 63 | Avg Reward: -1.0
Episode: 479 | Total Reward: -46.0 | Length: 46 | Avg Reward: -1.0
Episode: 480 | Total Reward: -200.0 | Length: 200 | Avg Reward: -1.0
Episode: 481 | Total Reward: -49.0 | Length: 49 | Avg Reward: -1.0
Episode: 482 | Total Reward: -200.0 | Length: 200 | Avg Reward: -1.0
Episode: 483 | Total Reward: -71.0 | Length: 71 | Avg Reward: -1.0
Episode: 484 | Total Reward: -49.0 | Length: 49 | Avg Reward: -1.0
Episode: 485 | Total Reward: -50.0 | Length: 50 | Avg Reward: -1.0
Episode: 486 | Total Reward: -47.0 | Length: 47 | Avg Reward: -1.0
Episode: 487 | Total Reward: -200.0 | Length: 200 | Avg Reward: -1.0
Episode: 488 | Total Reward: -47.0 | Length: 47 | Avg Reward: -1.0
Episode: 489 | Total Reward: -46.0 | Length: 46 | Avg Reward: -1.0
Episode: 490 | Total Reward: -66.0 | Length: 66 | Avg Reward: -1.0
Episode: 491 | Total Reward: -200.0 | Length: 200 | Avg Reward: -1.0
Episode: 492 | Total Reward: -200.0 | Length: 200 | Avg Reward: -1.0
Episode: 493 | Total Reward: -200.0 | Length: 200 | Avg Reward: -1.0
Episode: 494 | Total Reward: -61.0 | Length: 61 | Avg Reward: -1.0
Episode: 495 | Total Reward: -52.0 | Length: 52 | Avg Reward: -1.0
Episode: 496 | Total Reward: -62.0 | Length: 62 | Avg Reward: -1.0
Episode: 497 | Total Reward: -46.0 | Length: 46 | Avg Reward: -1.0
Episode: 498 | Total Reward: -53.0 | Length: 53 | Avg Reward: -1.0
Episode: 499 | Total Reward: -70.0 | Length: 70 | Avg Reward: -1.0
Episode: 500 | Total Reward: -200.0 | Length: 200 | Avg Reward: -1.0
Episode: 501 | Total Reward: -104.0 | Length: 104 | Avg Reward: -1.0
Episode: 502 | Total Reward: -52.0 | Length: 52 | Avg Reward: -1.0
Episode: 503 | Total Reward: -76.0 | Length: 76 | Avg Reward: -1.0
Episode: 504 | Total Reward: -51.0 | Length: 51 | Avg Reward: -1.0
Episode: 505 | Total Reward: -48.0 | Length: 48 | Avg Reward: -1.0
Episode: 506 | Total Reward: -47.0 | Length: 47 | Avg Reward: -1.0
Episode: 507 | Total Reward: -91.0 | Length: 91 | Avg Reward: -1.0
Episode: 508 | Total Reward: -47.0 | Length: 47 | Avg Reward: -1.0
Episode: 509 | Total Reward: -49.0 | Length: 49 | Avg Reward: -1.0
Episode: 510 | Total Reward: -67.0 | Length: 67 | Avg Reward: -1.0
Episode: 511 | Total Reward: -50.0 | Length: 50 | Avg Reward: -1.0
Episode: 512 | Total Reward: -56.0 | Length: 56 | Avg Reward: -1.0
Episode: 513 | Total Reward: -50.0 | Length: 50 | Avg Reward: -1.0
Episode: 514 | Total Reward: -55.0 | Length: 55 | Avg Reward: -1.0
Episode: 515 | Total Reward: -74.0 | Length: 74 | Avg Reward: -1.0
Episode: 516 | Total Reward: -48.0 | Length: 48 | Avg Reward: -1.0
Episode: 517 | Total Reward: -88.0 | Length: 88 | Avg Reward: -1.0
Episode: 518 | Total Reward: -49.0 | Length: 49 | Avg Reward: -1.0
Episode: 519 | Total Reward: -49.0 | Length: 49 | Avg Reward: -1.0
Episode: 520 | Total Reward: -59.0 | Length: 59 | Avg Reward: -1.0
Episode: 521 | Total Reward: -62.0 | Length: 62 | Avg Reward: -1.0
Episode: 522 | Total Reward: -46.0 | Length: 46 | Avg Reward: -1.0
Episode: 523 | Total Reward: -54.0 | Length: 54 | Avg Reward: -1.0
Episode: 524 | Total Reward: -50.0 | Length: 50 | Avg Reward: -1.0
Episode: 525 | Total Reward: -81.0 | Length: 81 | Avg Reward: -1.0
Episode: 526 | Total Reward: -87.0 | Length: 87 | Avg Reward: -1.0
Episode: 527 | Total Reward: -49.0 | Length: 49 | Avg Reward: -1.0
Episode: 528 | Total Reward: -57.0 | Length: 57 | Avg Reward: -1.0
Episode: 529 | Total Reward: -50.0 | Length: 50 | Avg Reward: -1.0
Episode: 530 | Total Reward: -200.0 | Length: 200 | Avg Reward: -1.0
Episode: 531 | Total Reward: -200.0 | Length: 200 | Avg Reward: -1.0
Episode: 532 | Total Reward: -64.0 | Length: 64 | Avg Reward: -1.0
Episode: 533 | Total Reward: -200.0 | Length: 200 | Avg Reward: -1.0
Episode: 534 | Total Reward: -48.0 | Length: 48 | Avg Reward: -1.0
Episode: 535 | Total Reward: -63.0 | Length: 63 | Avg Reward: -1.0
Episode: 536 | Total Reward: -58.0 | Length: 58 | Avg Reward: -1.0
Episode: 537 | Total Reward: -54.0 | Length: 54 | Avg Reward: -1.0
Episode: 538 | Total Reward: -86.0 | Length: 86 | Avg Reward: -1.0
Episode: 539 | Total Reward: -81.0 | Length: 81 | Avg Reward: -1.0
Episode: 540 | Total Reward: -55.0 | Length: 55 | Avg Reward: -1.0
Episode: 541 | Total Reward: -46.0 | Length: 46 | Avg Reward: -1.0
Episode: 542 | Total Reward: -200.0 | Length: 200 | Avg Reward: -1.0
Episode: 543 | Total Reward: -63.0 | Length: 63 | Avg Reward: -1.0
Episode: 544 | Total Reward: -200.0 | Length: 200 | Avg Reward: -1.0
Episode: 545 | Total Reward: -47.0 | Length: 47 | Avg Reward: -1.0
Episode: 546 | Total Reward: -62.0 | Length: 62 | Avg Reward: -1.0
Episode: 547 | Total Reward: -91.0 | Length: 91 | Avg Reward: -1.0
Episode: 548 | Total Reward: -48.0 | Length: 48 | Avg Reward: -1.0
Episode: 549 | Total Reward: -50.0 | Length: 50 | Avg Reward: -1.0
Episode: 550 | Total Reward: -46.0 | Length: 46 | Avg Reward: -1.0
Episode: 551 | Total Reward: -48.0 | Length: 48 | Avg Reward: -1.0
Episode: 552 | Total Reward: -51.0 | Length: 51 | Avg Reward: -1.0
Episode: 553 | Total Reward: -51.0 | Length: 51 | Avg Reward: -1.0
Episode: 554 | Total Reward: -68.0 | Length: 68 | Avg Reward: -1.0
Episode: 555 | Total Reward: -61.0 | Length: 61 | Avg Reward: -1.0
Episode: 556 | Total Reward: -47.0 | Length: 47 | Avg Reward: -1.0
Episode: 557 | Total Reward: -200.0 | Length: 200 | Avg Reward: -1.0
Episode: 558 | Total Reward: -200.0 | Length: 200 | Avg Reward: -1.0
Episode: 559 | Total Reward: -54.0 | Length: 54 | Avg Reward: -1.0
Episode: 560 | Total Reward: -53.0 | Length: 53 | Avg Reward: -1.0
Episode: 561 | Total Reward: -66.0 | Length: 66 | Avg Reward: -1.0
Episode: 562 | Total Reward: -200.0 | Length: 200 | Avg Reward: -1.0
Episode: 563 | Total Reward: -54.0 | Length: 54 | Avg Reward: -1.0
Episode: 564 | Total Reward: -56.0 | Length: 56 | Avg Reward: -1.0
Episode: 565 | Total Reward: -53.0 | Length: 53 | Avg Reward: -1.0
Episode: 566 | Total Reward: -200.0 | Length: 200 | Avg Reward: -1.0
Episode: 567 | Total Reward: -54.0 | Length: 54 | Avg Reward: -1.0
Episode: 568 | Total Reward: -47.0 | Length: 47 | Avg Reward: -1.0
Episode: 569 | Total Reward: -74.0 | Length: 74 | Avg Reward: -1.0
Episode: 570 | Total Reward: -51.0 | Length: 51 | Avg Reward: -1.0
Episode: 571 | Total Reward: -54.0 | Length: 54 | Avg Reward: -1.0
Episode: 572 | Total Reward: -58.0 | Length: 58 | Avg Reward: -1.0
Episode: 573 | Total Reward: -85.0 | Length: 85 | Avg Reward: -1.0
Episode: 574 | Total Reward: -77.0 | Length: 77 | Avg Reward: -1.0
Episode: 575 | Total Reward: -51.0 | Length: 51 | Avg Reward: -1.0
Episode: 576 | Total Reward: -85.0 | Length: 85 | Avg Reward: -1.0
Episode: 577 | Total Reward: -60.0 | Length: 60 | Avg Reward: -1.0
Episode: 578 | Total Reward: -70.0 | Length: 70 | Avg Reward: -1.0
Episode: 579 | Total Reward: -49.0 | Length: 49 | Avg Reward: -1.0
Episode: 580 | Total Reward: -200.0 | Length: 200 | Avg Reward: -1.0
Episode: 581 | Total Reward: -50.0 | Length: 50 | Avg Reward: -1.0
Episode: 582 | Total Reward: -51.0 | Length: 51 | Avg Reward: -1.0
Episode: 583 | Total Reward: -52.0 | Length: 52 | Avg Reward: -1.0
Episode: 584 | Total Reward: -102.0 | Length: 102 | Avg Reward: -1.0
Episode: 585 | Total Reward: -67.0 | Length: 67 | Avg Reward: -1.0
Episode: 586 | Total Reward: -50.0 | Length: 50 | Avg Reward: -1.0
Episode: 587 | Total Reward: -53.0 | Length: 53 | Avg Reward: -1.0
Episode: 588 | Total Reward: -200.0 | Length: 200 | Avg Reward: -1.0
Episode: 589 | Total Reward: -80.0 | Length: 80 | Avg Reward: -1.0
Episode: 590 | Total Reward: -200.0 | Length: 200 | Avg Reward: -1.0
Episode: 591 | Total Reward: -52.0 | Length: 52 | Avg Reward: -1.0
Episode: 592 | Total Reward: -55.0 | Length: 55 | Avg Reward: -1.0
Episode: 593 | Total Reward: -46.0 | Length: 46 | Avg Reward: -1.0
Episode: 594 | Total Reward: -54.0 | Length: 54 | Avg Reward: -1.0
Episode: 595 | Total Reward: -62.0 | Length: 62 | Avg Reward: -1.0
Episode: 596 | Total Reward: -79.0 | Length: 79 | Avg Reward: -1.0
Episode: 597 | Total Reward: -47.0 | Length: 47 | Avg Reward: -1.0
Episode: 598 | Total Reward: -50.0 | Length: 50 | Avg Reward: -1.0
Episode: 599 | Total Reward: -51.0 | Length: 51 | Avg Reward: -1.0
Episode: 600 | Total Reward: -79.0 | Length: 79 | Avg Reward: -1.0
Episode: 601 | Total Reward: -47.0 | Length: 47 | Avg Reward: -1.0
Episode: 602 | Total Reward: -200.0 | Length: 200 | Avg Reward: -1.0
Episode: 603 | Total Reward: -200.0 | Length: 200 | Avg Reward: -1.0
Episode: 604 | Total Reward: -74.0 | Length: 74 | Avg Reward: -1.0
Episode: 605 | Total Reward: -200.0 | Length: 200 | Avg Reward: -1.0
Episode: 606 | Total Reward: -56.0 | Length: 56 | Avg Reward: -1.0
Episode: 607 | Total Reward: -53.0 | Length: 53 | Avg Reward: -1.0
Episode: 608 | Total Reward: -55.0 | Length: 55 | Avg Reward: -1.0
Episode: 609 | Total Reward: -50.0 | Length: 50 | Avg Reward: -1.0
Episode: 610 | Total Reward: -65.0 | Length: 65 | Avg Reward: -1.0
Episode: 611 | Total Reward: -57.0 | Length: 57 | Avg Reward: -1.0
Episode: 612 | Total Reward: -49.0 | Length: 49 | Avg Reward: -1.0
Episode: 613 | Total Reward: -52.0 | Length: 52 | Avg Reward: -1.0
Episode: 614 | Total Reward: -200.0 | Length: 200 | Avg Reward: -1.0
Episode: 615 | Total Reward: -200.0 | Length: 200 | Avg Reward: -1.0
Episode: 616 | Total Reward: -200.0 | Length: 200 | Avg Reward: -1.0
Episode: 617 | Total Reward: -47.0 | Length: 47 | Avg Reward: -1.0
Episode: 618 | Total Reward: -200.0 | Length: 200 | Avg Reward: -1.0
Episode: 619 | Total Reward: -46.0 | Length: 46 | Avg Reward: -1.0
Episode: 620 | Total Reward: -48.0 | Length: 48 | Avg Reward: -1.0
Episode: 621 | Total Reward: -53.0 | Length: 53 | Avg Reward: -1.0
Episode: 622 | Total Reward: -200.0 | Length: 200 | Avg Reward: -1.0
Episode: 623 | Total Reward: -47.0 | Length: 47 | Avg Reward: -1.0
Episode: 624 | Total Reward: -55.0 | Length: 55 | Avg Reward: -1.0
Episode: 625 | Total Reward: -64.0 | Length: 64 | Avg Reward: -1.0
Episode: 626 | Total Reward: -47.0 | Length: 47 | Avg Reward: -1.0
Episode: 627 | Total Reward: -67.0 | Length: 67 | Avg Reward: -1.0
Episode: 628 | Total Reward: -50.0 | Length: 50 | Avg Reward: -1.0
Episode: 629 | Total Reward: -99.0 | Length: 99 | Avg Reward: -1.0
Episode: 630 | Total Reward: -75.0 | Length: 75 | Avg Reward: -1.0
Episode: 631 | Total Reward: -52.0 | Length: 52 | Avg Reward: -1.0
Episode: 632 | Total Reward: -200.0 | Length: 200 | Avg Reward: -1.0
Episode: 633 | Total Reward: -51.0 | Length: 51 | Avg Reward: -1.0
Episode: 634 | Total Reward: -49.0 | Length: 49 | Avg Reward: -1.0
Episode: 635 | Total Reward: -200.0 | Length: 200 | Avg Reward: -1.0
Episode: 636 | Total Reward: -58.0 | Length: 58 | Avg Reward: -1.0
Episode: 637 | Total Reward: -79.0 | Length: 79 | Avg Reward: -1.0
Episode: 638 | Total Reward: -200.0 | Length: 200 | Avg Reward: -1.0
Episode: 639 | Total Reward: -52.0 | Length: 52 | Avg Reward: -1.0
Episode: 640 | Total Reward: -51.0 | Length: 51 | Avg Reward: -1.0
Episode: 641 | Total Reward: -55.0 | Length: 55 | Avg Reward: -1.0
Episode: 642 | Total Reward: -200.0 | Length: 200 | Avg Reward: -1.0
Episode: 643 | Total Reward: -54.0 | Length: 54 | Avg Reward: -1.0
Episode: 644 | Total Reward: -109.0 | Length: 109 | Avg Reward: -1.0
Episode: 645 | Total Reward: -200.0 | Length: 200 | Avg Reward: -1.0
Episode: 646 | Total Reward: -49.0 | Length: 49 | Avg Reward: -1.0
Episode: 647 | Total Reward: -47.0 | Length: 47 | Avg Reward: -1.0
Episode: 648 | Total Reward: -63.0 | Length: 63 | Avg Reward: -1.0
Episode: 649 | Total Reward: -96.0 | Length: 96 | Avg Reward: -1.0
Episode: 650 | Total Reward: -54.0 | Length: 54 | Avg Reward: -1.0
Episode: 651 | Total Reward: -46.0 | Length: 46 | Avg Reward: -1.0
Episode: 652 | Total Reward: -46.0 | Length: 46 | Avg Reward: -1.0
Episode: 653 | Total Reward: -69.0 | Length: 69 | Avg Reward: -1.0
Episode: 654 | Total Reward: -200.0 | Length: 200 | Avg Reward: -1.0
Episode: 655 | Total Reward: -47.0 | Length: 47 | Avg Reward: -1.0
Episode: 656 | Total Reward: -47.0 | Length: 47 | Avg Reward: -1.0
Episode: 657 | Total Reward: -79.0 | Length: 79 | Avg Reward: -1.0
Episode: 658 | Total Reward: -70.0 | Length: 70 | Avg Reward: -1.0
Episode: 659 | Total Reward: -200.0 | Length: 200 | Avg Reward: -1.0
Episode: 660 | Total Reward: -46.0 | Length: 46 | Avg Reward: -1.0
Episode: 661 | Total Reward: -63.0 | Length: 63 | Avg Reward: -1.0
Episode: 662 | Total Reward: -71.0 | Length: 71 | Avg Reward: -1.0
Episode: 663 | Total Reward: -50.0 | Length: 50 | Avg Reward: -1.0
Episode: 664 | Total Reward: -61.0 | Length: 61 | Avg Reward: -1.0
Episode: 665 | Total Reward: -52.0 | Length: 52 | Avg Reward: -1.0
Episode: 666 | Total Reward: -53.0 | Length: 53 | Avg Reward: -1.0
Episode: 667 | Total Reward: -65.0 | Length: 65 | Avg Reward: -1.0
Episode: 668 | Total Reward: -62.0 | Length: 62 | Avg Reward: -1.0
Episode: 669 | Total Reward: -90.0 | Length: 90 | Avg Reward: -1.0
Episode: 670 | Total Reward: -67.0 | Length: 67 | Avg Reward: -1.0
Episode: 671 | Total Reward: -74.0 | Length: 74 | Avg Reward: -1.0
Episode: 672 | Total Reward: -51.0 | Length: 51 | Avg Reward: -1.0
Episode: 673 | Total Reward: -48.0 | Length: 48 | Avg Reward: -1.0
Episode: 674 | Total Reward: -53.0 | Length: 53 | Avg Reward: -1.0
Episode: 675 | Total Reward: -57.0 | Length: 57 | Avg Reward: -1.0
Episode: 676 | Total Reward: -64.0 | Length: 64 | Avg Reward: -1.0
Episode: 677 | Total Reward: -200.0 | Length: 200 | Avg Reward: -1.0
Episode: 678 | Total Reward: -200.0 | Length: 200 | Avg Reward: -1.0
Episode: 679 | Total Reward: -82.0 | Length: 82 | Avg Reward: -1.0
Episode: 680 | Total Reward: -46.0 | Length: 46 | Avg Reward: -1.0
Episode: 681 | Total Reward: -72.0 | Length: 72 | Avg Reward: -1.0
Episode: 682 | Total Reward: -57.0 | Length: 57 | Avg Reward: -1.0
Episode: 683 | Total Reward: -55.0 | Length: 55 | Avg Reward: -1.0
Episode: 684 | Total Reward: -60.0 | Length: 60 | Avg Reward: -1.0
Episode: 685 | Total Reward: -47.0 | Length: 47 | Avg Reward: -1.0
Episode: 686 | Total Reward: -66.0 | Length: 66 | Avg Reward: -1.0
Episode: 687 | Total Reward: -73.0 | Length: 73 | Avg Reward: -1.0
Episode: 688 | Total Reward: -200.0 | Length: 200 | Avg Reward: -1.0
Episode: 689 | Total Reward: -200.0 | Length: 200 | Avg Reward: -1.0
Episode: 690 | Total Reward: -52.0 | Length: 52 | Avg Reward: -1.0
Episode: 691 | Total Reward: -106.0 | Length: 106 | Avg Reward: -1.0
Episode: 692 | Total Reward: -52.0 | Length: 52 | Avg Reward: -1.0
Episode: 693 | Total Reward: -46.0 | Length: 46 | Avg Reward: -1.0
Episode: 694 | Total Reward: -47.0 | Length: 47 | Avg Reward: -1.0
Episode: 695 | Total Reward: -62.0 | Length: 62 | Avg Reward: -1.0
Episode: 696 | Total Reward: -96.0 | Length: 96 | Avg Reward: -1.0
Episode: 697 | Total Reward: -200.0 | Length: 200 | Avg Reward: -1.0
Episode: 698 | Total Reward: -46.0 | Length: 46 | Avg Reward: -1.0
Episode: 699 | Total Reward: -75.0 | Length: 75 | Avg Reward: -1.0
Episode: 700 | Total Reward: -52.0 | Length: 52 | Avg Reward: -1.0
Episode: 701 | Total Reward: -60.0 | Length: 60 | Avg Reward: -1.0
Episode: 702 | Total Reward: -200.0 | Length: 200 | Avg Reward: -1.0
Episode: 703 | Total Reward: -66.0 | Length: 66 | Avg Reward: -1.0
Episode: 704 | Total Reward: -200.0 | Length: 200 | Avg Reward: -1.0
Episode: 705 | Total Reward: -49.0 | Length: 49 | Avg Reward: -1.0
Episode: 706 | Total Reward: -84.0 | Length: 84 | Avg Reward: -1.0
Episode: 707 | Total Reward: -59.0 | Length: 59 | Avg Reward: -1.0
Episode: 708 | Total Reward: -50.0 | Length: 50 | Avg Reward: -1.0
Episode: 709 | Total Reward: -200.0 | Length: 200 | Avg Reward: -1.0
Episode: 710 | Total Reward: -49.0 | Length: 49 | Avg Reward: -1.0
Episode: 711 | Total Reward: -51.0 | Length: 51 | Avg Reward: -1.0
Episode: 712 | Total Reward: -59.0 | Length: 59 | Avg Reward: -1.0
Episode: 713 | Total Reward: -47.0 | Length: 47 | Avg Reward: -1.0
Episode: 714 | Total Reward: -47.0 | Length: 47 | Avg Reward: -1.0
Episode: 715 | Total Reward: -53.0 | Length: 53 | Avg Reward: -1.0
Episode: 716 | Total Reward: -94.0 | Length: 94 | Avg Reward: -1.0
Episode: 717 | Total Reward: -51.0 | Length: 51 | Avg Reward: -1.0
Episode: 718 | Total Reward: -200.0 | Length: 200 | Avg Reward: -1.0
Episode: 719 | Total Reward: -58.0 | Length: 58 | Avg Reward: -1.0
Episode: 720 | Total Reward: -51.0 | Length: 51 | Avg Reward: -1.0
Episode: 721 | Total Reward: -47.0 | Length: 47 | Avg Reward: -1.0
Episode: 722 | Total Reward: -55.0 | Length: 55 | Avg Reward: -1.0
Episode: 723 | Total Reward: -63.0 | Length: 63 | Avg Reward: -1.0
Episode: 724 | Total Reward: -73.0 | Length: 73 | Avg Reward: -1.0
Episode: 725 | Total Reward: -121.0 | Length: 121 | Avg Reward: -1.0
Episode: 726 | Total Reward: -46.0 | Length: 46 | Avg Reward: -1.0
Episode: 727 | Total Reward: -95.0 | Length: 95 | Avg Reward: -1.0
Episode: 728 | Total Reward: -49.0 | Length: 49 | Avg Reward: -1.0
Episode: 729 | Total Reward: -54.0 | Length: 54 | Avg Reward: -1.0
Episode: 730 | Total Reward: -71.0 | Length: 71 | Avg Reward: -1.0
Episode: 731 | Total Reward: -57.0 | Length: 57 | Avg Reward: -1.0
Episode: 732 | Total Reward: -90.0 | Length: 90 | Avg Reward: -1.0
Episode: 733 | Total Reward: -55.0 | Length: 55 | Avg Reward: -1.0
Episode: 734 | Total Reward: -52.0 | Length: 52 | Avg Reward: -1.0
Episode: 735 | Total Reward: -73.0 | Length: 73 | Avg Reward: -1.0
Episode: 736 | Total Reward: -58.0 | Length: 58 | Avg Reward: -1.0
Episode: 737 | Total Reward: -58.0 | Length: 58 | Avg Reward: -1.0
Episode: 738 | Total Reward: -49.0 | Length: 49 | Avg Reward: -1.0
Episode: 739 | Total Reward: -81.0 | Length: 81 | Avg Reward: -1.0
Episode: 740 | Total Reward: -200.0 | Length: 200 | Avg Reward: -1.0
Episode: 741 | Total Reward: -46.0 | Length: 46 | Avg Reward: -1.0
Episode: 742 | Total Reward: -81.0 | Length: 81 | Avg Reward: -1.0
Episode: 743 | Total Reward: -58.0 | Length: 58 | Avg Reward: -1.0
Episode: 744 | Total Reward: -57.0 | Length: 57 | Avg Reward: -1.0
Episode: 745 | Total Reward: -45.0 | Length: 45 | Avg Reward: -1.0
Episode: 746 | Total Reward: -53.0 | Length: 53 | Avg Reward: -1.0
Episode: 747 | Total Reward: -67.0 | Length: 67 | Avg Reward: -1.0
Episode: 748 | Total Reward: -51.0 | Length: 51 | Avg Reward: -1.0
Episode: 749 | Total Reward: -200.0 | Length: 200 | Avg Reward: -1.0
Episode: 750 | Total Reward: -59.0 | Length: 59 | Avg Reward: -1.0
Episode: 751 | Total Reward: -200.0 | Length: 200 | Avg Reward: -1.0
Episode: 752 | Total Reward: -56.0 | Length: 56 | Avg Reward: -1.0
Episode: 753 | Total Reward: -64.0 | Length: 64 | Avg Reward: -1.0
Episode: 754 | Total Reward: -54.0 | Length: 54 | Avg Reward: -1.0
Episode: 755 | Total Reward: -84.0 | Length: 84 | Avg Reward: -1.0
Episode: 756 | Total Reward: -53.0 | Length: 53 | Avg Reward: -1.0
Episode: 757 | Total Reward: -50.0 | Length: 50 | Avg Reward: -1.0
Episode: 758 | Total Reward: -54.0 | Length: 54 | Avg Reward: -1.0
Episode: 759 | Total Reward: -89.0 | Length: 89 | Avg Reward: -1.0
Episode: 760 | Total Reward: -49.0 | Length: 49 | Avg Reward: -1.0
Episode: 761 | Total Reward: -55.0 | Length: 55 | Avg Reward: -1.0
Episode: 762 | Total Reward: -49.0 | Length: 49 | Avg Reward: -1.0
Episode: 763 | Total Reward: -62.0 | Length: 62 | Avg Reward: -1.0
Episode: 764 | Total Reward: -200.0 | Length: 200 | Avg Reward: -1.0
Episode: 765 | Total Reward: -200.0 | Length: 200 | Avg Reward: -1.0
Episode: 766 | Total Reward: -50.0 | Length: 50 | Avg Reward: -1.0
Episode: 767 | Total Reward: -200.0 | Length: 200 | Avg Reward: -1.0
Episode: 768 | Total Reward: -49.0 | Length: 49 | Avg Reward: -1.0
Episode: 769 | Total Reward: -51.0 | Length: 51 | Avg Reward: -1.0
Episode: 770 | Total Reward: -46.0 | Length: 46 | Avg Reward: -1.0
Episode: 771 | Total Reward: -46.0 | Length: 46 | Avg Reward: -1.0
Episode: 772 | Total Reward: -200.0 | Length: 200 | Avg Reward: -1.0
Episode: 773 | Total Reward: -57.0 | Length: 57 | Avg Reward: -1.0
Episode: 774 | Total Reward: -47.0 | Length: 47 | Avg Reward: -1.0
Episode: 775 | Total Reward: -55.0 | Length: 55 | Avg Reward: -1.0
Episode: 776 | Total Reward: -200.0 | Length: 200 | Avg Reward: -1.0
Episode: 777 | Total Reward: -79.0 | Length: 79 | Avg Reward: -1.0
Episode: 778 | Total Reward: -81.0 | Length: 81 | Avg Reward: -1.0
Episode: 779 | Total Reward: -69.0 | Length: 69 | Avg Reward: -1.0
Episode: 780 | Total Reward: -200.0 | Length: 200 | Avg Reward: -1.0
Episode: 781 | Total Reward: -50.0 | Length: 50 | Avg Reward: -1.0
Episode: 782 | Total Reward: -200.0 | Length: 200 | Avg Reward: -1.0
Episode: 783 | Total Reward: -46.0 | Length: 46 | Avg Reward: -1.0
Episode: 784 | Total Reward: -62.0 | Length: 62 | Avg Reward: -1.0
Episode: 785 | Total Reward: -70.0 | Length: 70 | Avg Reward: -1.0
Episode: 786 | Total Reward: -62.0 | Length: 62 | Avg Reward: -1.0
Episode: 787 | Total Reward: -200.0 | Length: 200 | Avg Reward: -1.0
Episode: 788 | Total Reward: -96.0 | Length: 96 | Avg Reward: -1.0
Episode: 789 | Total Reward: -46.0 | Length: 46 | Avg Reward: -1.0
Episode: 790 | Total Reward: -68.0 | Length: 68 | Avg Reward: -1.0
Episode: 791 | Total Reward: -200.0 | Length: 200 | Avg Reward: -1.0
Episode: 792 | Total Reward: -66.0 | Length: 66 | Avg Reward: -1.0
Episode: 793 | Total Reward: -200.0 | Length: 200 | Avg Reward: -1.0
Episode: 794 | Total Reward: -52.0 | Length: 52 | Avg Reward: -1.0
Episode: 795 | Total Reward: -200.0 | Length: 200 | Avg Reward: -1.0
Episode: 796 | Total Reward: -53.0 | Length: 53 | Avg Reward: -1.0
Episode: 797 | Total Reward: -49.0 | Length: 49 | Avg Reward: -1.0
Episode: 798 | Total Reward: -46.0 | Length: 46 | Avg Reward: -1.0
Episode: 799 | Total Reward: -52.0 | Length: 52 | Avg Reward: -1.0
Episode: 800 | Total Reward: -101.0 | Length: 101 | Avg Reward: -1.0
Episode: 801 | Total Reward: -200.0 | Length: 200 | Avg Reward: -1.0
Episode: 802 | Total Reward: -200.0 | Length: 200 | Avg Reward: -1.0
Episode: 803 | Total Reward: -200.0 | Length: 200 | Avg Reward: -1.0
Episode: 804 | Total Reward: -50.0 | Length: 50 | Avg Reward: -1.0
Episode: 805 | Total Reward: -60.0 | Length: 60 | Avg Reward: -1.0
Episode: 806 | Total Reward: -82.0 | Length: 82 | Avg Reward: -1.0
Episode: 807 | Total Reward: -110.0 | Length: 110 | Avg Reward: -1.0
Episode: 808 | Total Reward: -46.0 | Length: 46 | Avg Reward: -1.0
Episode: 809 | Total Reward: -59.0 | Length: 59 | Avg Reward: -1.0
Episode: 810 | Total Reward: -65.0 | Length: 65 | Avg Reward: -1.0
Episode: 811 | Total Reward: -200.0 | Length: 200 | Avg Reward: -1.0
Episode: 812 | Total Reward: -62.0 | Length: 62 | Avg Reward: -1.0
Episode: 813 | Total Reward: -47.0 | Length: 47 | Avg Reward: -1.0
Episode: 814 | Total Reward: -200.0 | Length: 200 | Avg Reward: -1.0
Episode: 815 | Total Reward: -60.0 | Length: 60 | Avg Reward: -1.0
Episode: 816 | Total Reward: -75.0 | Length: 75 | Avg Reward: -1.0
Episode: 817 | Total Reward: -49.0 | Length: 49 | Avg Reward: -1.0
Episode: 818 | Total Reward: -54.0 | Length: 54 | Avg Reward: -1.0
Episode: 819 | Total Reward: -59.0 | Length: 59 | Avg Reward: -1.0
Episode: 820 | Total Reward: -51.0 | Length: 51 | Avg Reward: -1.0
Episode: 821 | Total Reward: -54.0 | Length: 54 | Avg Reward: -1.0
Episode: 822 | Total Reward: -65.0 | Length: 65 | Avg Reward: -1.0
Episode: 823 | Total Reward: -50.0 | Length: 50 | Avg Reward: -1.0
Episode: 824 | Total Reward: -200.0 | Length: 200 | Avg Reward: -1.0
Episode: 825 | Total Reward: -60.0 | Length: 60 | Avg Reward: -1.0
Episode: 826 | Total Reward: -200.0 | Length: 200 | Avg Reward: -1.0
Episode: 827 | Total Reward: -76.0 | Length: 76 | Avg Reward: -1.0
Episode: 828 | Total Reward: -56.0 | Length: 56 | Avg Reward: -1.0
Episode: 829 | Total Reward: -200.0 | Length: 200 | Avg Reward: -1.0
Episode: 830 | Total Reward: -46.0 | Length: 46 | Avg Reward: -1.0
Episode: 831 | Total Reward: -200.0 | Length: 200 | Avg Reward: -1.0
Episode: 832 | Total Reward: -46.0 | Length: 46 | Avg Reward: -1.0
Episode: 833 | Total Reward: -45.0 | Length: 45 | Avg Reward: -1.0
Episode: 834 | Total Reward: -200.0 | Length: 200 | Avg Reward: -1.0
Episode: 835 | Total Reward: -46.0 | Length: 46 | Avg Reward: -1.0
Episode: 836 | Total Reward: -64.0 | Length: 64 | Avg Reward: -1.0
Episode: 837 | Total Reward: -200.0 | Length: 200 | Avg Reward: -1.0
Episode: 838 | Total Reward: -59.0 | Length: 59 | Avg Reward: -1.0
Episode: 839 | Total Reward: -50.0 | Length: 50 | Avg Reward: -1.0
Episode: 840 | Total Reward: -47.0 | Length: 47 | Avg Reward: -1.0
Episode: 841 | Total Reward: -200.0 | Length: 200 | Avg Reward: -1.0
Episode: 842 | Total Reward: -45.0 | Length: 45 | Avg Reward: -1.0
Episode: 843 | Total Reward: -68.0 | Length: 68 | Avg Reward: -1.0
Episode: 844 | Total Reward: -52.0 | Length: 52 | Avg Reward: -1.0
Episode: 845 | Total Reward: -54.0 | Length: 54 | Avg Reward: -1.0
Episode: 846 | Total Reward: -61.0 | Length: 61 | Avg Reward: -1.0
